CRITICAL - 2022-06-11 02:30:33 --> Undefined variable $aluno
in APPPATH\Views\alunos.php on line 20.
 1 APPPATH\Views\alunos.php(20): CodeIgniter\Debug\Exceptions->errorHandler(2, 'Undefined variable $aluno', 'APPPATH\\Views\\alunos.php', 20)
 2 SYSTEMPATH\View\View.php(213): include('APPPATH\\Views\\alunos.php')
 3 SYSTEMPATH\View\View.php(216): CodeIgniter\View\View->CodeIgniter\View\{closure}()
 4 SYSTEMPATH\Common.php(1135): CodeIgniter\View\View->render('alunos', [], true)
 5 APPPATH\Controllers\Home.php(9): view('alunos')
 6 SYSTEMPATH\CodeIgniter.php(898): App\Controllers\Home->index()
 7 SYSTEMPATH\CodeIgniter.php(468): CodeIgniter\CodeIgniter->runController(Object(App\Controllers\Home))
 8 SYSTEMPATH\CodeIgniter.php(351): CodeIgniter\CodeIgniter->handleRequest(null, Object(Config\Cache), false)
 9 FCPATH\index.php(55): CodeIgniter\CodeIgniter->run()
10 SYSTEMPATH\Commands\Server\rewrite.php(43): require_once('FCPATH\\index.php')
CRITICAL - 2022-06-11 02:38:29 --> Undefined variable $aluno
in APPPATH\Views\alunos.php on line 23.
 1 APPPATH\Views\alunos.php(23): CodeIgniter\Debug\Exceptions->errorHandler(2, 'Undefined variable $aluno', 'APPPATH\\Views\\alunos.php', 23)
 2 SYSTEMPATH\View\View.php(213): include('APPPATH\\Views\\alunos.php')
 3 SYSTEMPATH\View\View.php(216): CodeIgniter\View\View->CodeIgniter\View\{closure}()
 4 SYSTEMPATH\Common.php(1135): CodeIgniter\View\View->render('alunos', [], true)
 5 APPPATH\Controllers\Home.php(9): view('alunos')
 6 SYSTEMPATH\CodeIgniter.php(898): App\Controllers\Home->index()
 7 SYSTEMPATH\CodeIgniter.php(468): CodeIgniter\CodeIgniter->runController(Object(App\Controllers\Home))
 8 SYSTEMPATH\CodeIgniter.php(351): CodeIgniter\CodeIgniter->handleRequest(null, Object(Config\Cache), false)
 9 FCPATH\index.php(55): CodeIgniter\CodeIgniter->run()
10 SYSTEMPATH\Commands\Server\rewrite.php(43): require_once('FCPATH\\index.php')
CRITICAL - 2022-06-11 02:45:02 --> Undefined variable $aluno
in APPPATH\Views\alunos.php on line 23.
 1 APPPATH\Views\alunos.php(23): CodeIgniter\Debug\Exceptions->errorHandler(2, 'Undefined variable $aluno', 'APPPATH\\Views\\alunos.php', 23)
 2 SYSTEMPATH\View\View.php(213): include('APPPATH\\Views\\alunos.php')
 3 SYSTEMPATH\View\View.php(216): CodeIgniter\View\View->CodeIgniter\View\{closure}()
 4 SYSTEMPATH\Common.php(1135): CodeIgniter\View\View->render('alunos', [], true)
 5 APPPATH\Controllers\Home.php(9): view('alunos')
 6 SYSTEMPATH\CodeIgniter.php(898): App\Controllers\Home->index()
 7 SYSTEMPATH\CodeIgniter.php(468): CodeIgniter\CodeIgniter->runController(Object(App\Controllers\Home))
 8 SYSTEMPATH\CodeIgniter.php(351): CodeIgniter\CodeIgniter->handleRequest(null, Object(Config\Cache), false)
 9 FCPATH\index.php(55): CodeIgniter\CodeIgniter->run()
10 SYSTEMPATH\Commands\Server\rewrite.php(43): require_once('FCPATH\\index.php')
CRITICAL - 2022-06-11 02:45:43 --> Undefined variable $aluno
in APPPATH\Views\alunos.php on line 23.
 1 APPPATH\Views\alunos.php(23): CodeIgniter\Debug\Exceptions->errorHandler(2, 'Undefined variable $aluno', 'APPPATH\\Views\\alunos.php', 23)
 2 SYSTEMPATH\View\View.php(213): include('APPPATH\\Views\\alunos.php')
 3 SYSTEMPATH\View\View.php(216): CodeIgniter\View\View->CodeIgniter\View\{closure}()
 4 SYSTEMPATH\Common.php(1135): CodeIgniter\View\View->render('alunos', [], true)
 5 APPPATH\Controllers\Home.php(9): view('alunos')
 6 SYSTEMPATH\CodeIgniter.php(898): App\Controllers\Home->index()
 7 SYSTEMPATH\CodeIgniter.php(468): CodeIgniter\CodeIgniter->runController(Object(App\Controllers\Home))
 8 SYSTEMPATH\CodeIgniter.php(351): CodeIgniter\CodeIgniter->handleRequest(null, Object(Config\Cache), false)
 9 FCPATH\index.php(55): CodeIgniter\CodeIgniter->run()
10 SYSTEMPATH\Commands\Server\rewrite.php(43): require_once('FCPATH\\index.php')
CRITICAL - 2022-06-11 02:46:11 --> Undefined variable $aluno
in APPPATH\Views\alunos.php on line 23.
 1 APPPATH\Views\alunos.php(23): CodeIgniter\Debug\Exceptions->errorHandler(2, 'Undefined variable $aluno', 'APPPATH\\Views\\alunos.php', 23)
 2 SYSTEMPATH\View\View.php(213): include('APPPATH\\Views\\alunos.php')
 3 SYSTEMPATH\View\View.php(216): CodeIgniter\View\View->CodeIgniter\View\{closure}()
 4 SYSTEMPATH\Common.php(1135): CodeIgniter\View\View->render('alunos', [], true)
 5 APPPATH\Controllers\Home.php(9): view('alunos')
 6 SYSTEMPATH\CodeIgniter.php(898): App\Controllers\Home->index()
 7 SYSTEMPATH\CodeIgniter.php(468): CodeIgniter\CodeIgniter->runController(Object(App\Controllers\Home))
 8 SYSTEMPATH\CodeIgniter.php(351): CodeIgniter\CodeIgniter->handleRequest(null, Object(Config\Cache), false)
 9 FCPATH\index.php(55): CodeIgniter\CodeIgniter->run()
10 SYSTEMPATH\Commands\Server\rewrite.php(43): require_once('FCPATH\\index.php')
CRITICAL - 2022-06-11 02:46:29 --> Undefined variable $aluno
in APPPATH\Views\alunos.php on line 23.
 1 APPPATH\Views\alunos.php(23): CodeIgniter\Debug\Exceptions->errorHandler(2, 'Undefined variable $aluno', 'APPPATH\\Views\\alunos.php', 23)
 2 SYSTEMPATH\View\View.php(213): include('APPPATH\\Views\\alunos.php')
 3 SYSTEMPATH\View\View.php(216): CodeIgniter\View\View->CodeIgniter\View\{closure}()
 4 SYSTEMPATH\Common.php(1135): CodeIgniter\View\View->render('alunos', [], true)
 5 APPPATH\Controllers\Home.php(9): view('alunos')
 6 SYSTEMPATH\CodeIgniter.php(898): App\Controllers\Home->index()
 7 SYSTEMPATH\CodeIgniter.php(468): CodeIgniter\CodeIgniter->runController(Object(App\Controllers\Home))
 8 SYSTEMPATH\CodeIgniter.php(351): CodeIgniter\CodeIgniter->handleRequest(null, Object(Config\Cache), false)
 9 FCPATH\index.php(55): CodeIgniter\CodeIgniter->run()
10 SYSTEMPATH\Commands\Server\rewrite.php(43): require_once('FCPATH\\index.php')
CRITICAL - 2022-06-11 02:55:44 --> Undefined variable $alunos
in APPPATH\Views\alunos.php on line 23.
 1 APPPATH\Views\alunos.php(23): CodeIgniter\Debug\Exceptions->errorHandler(2, 'Undefined variable $alunos', 'APPPATH\\Views\\alunos.php', 23)
 2 SYSTEMPATH\View\View.php(213): include('APPPATH\\Views\\alunos.php')
 3 SYSTEMPATH\View\View.php(216): CodeIgniter\View\View->CodeIgniter\View\{closure}()
 4 SYSTEMPATH\Common.php(1135): CodeIgniter\View\View->render('alunos', [], true)
 5 APPPATH\Controllers\Home.php(9): view('alunos')
 6 SYSTEMPATH\CodeIgniter.php(898): App\Controllers\Home->index()
 7 SYSTEMPATH\CodeIgniter.php(468): CodeIgniter\CodeIgniter->runController(Object(App\Controllers\Home))
 8 SYSTEMPATH\CodeIgniter.php(351): CodeIgniter\CodeIgniter->handleRequest(null, Object(Config\Cache), false)
 9 FCPATH\index.php(55): CodeIgniter\CodeIgniter->run()
10 SYSTEMPATH\Commands\Server\rewrite.php(43): require_once('FCPATH\\index.php')
CRITICAL - 2022-06-11 02:59:26 --> Undefined variable $alunos
in APPPATH\Views\alunos.php on line 23.
 1 APPPATH\Views\alunos.php(23): CodeIgniter\Debug\Exceptions->errorHandler(2, 'Undefined variable $alunos', 'APPPATH\\Views\\alunos.php', 23)
 2 SYSTEMPATH\View\View.php(213): include('APPPATH\\Views\\alunos.php')
 3 SYSTEMPATH\View\View.php(216): CodeIgniter\View\View->CodeIgniter\View\{closure}()
 4 SYSTEMPATH\Common.php(1135): CodeIgniter\View\View->render('alunos', [], true)
 5 APPPATH\Controllers\Home.php(9): view('alunos')
 6 SYSTEMPATH\CodeIgniter.php(898): App\Controllers\Home->index()
 7 SYSTEMPATH\CodeIgniter.php(468): CodeIgniter\CodeIgniter->runController(Object(App\Controllers\Home))
 8 SYSTEMPATH\CodeIgniter.php(351): CodeIgniter\CodeIgniter->handleRequest(null, Object(Config\Cache), false)
 9 FCPATH\index.php(55): CodeIgniter\CodeIgniter->run()
10 SYSTEMPATH\Commands\Server\rewrite.php(43): require_once('FCPATH\\index.php')
CRITICAL - 2022-06-11 02:59:31 --> Undefined variable $alunos
in APPPATH\Views\alunos.php on line 23.
 1 APPPATH\Views\alunos.php(23): CodeIgniter\Debug\Exceptions->errorHandler(2, 'Undefined variable $alunos', 'APPPATH\\Views\\alunos.php', 23)
 2 SYSTEMPATH\View\View.php(213): include('APPPATH\\Views\\alunos.php')
 3 SYSTEMPATH\View\View.php(216): CodeIgniter\View\View->CodeIgniter\View\{closure}()
 4 SYSTEMPATH\Common.php(1135): CodeIgniter\View\View->render('alunos', [], true)
 5 APPPATH\Controllers\Home.php(9): view('alunos')
 6 SYSTEMPATH\CodeIgniter.php(898): App\Controllers\Home->index()
 7 SYSTEMPATH\CodeIgniter.php(468): CodeIgniter\CodeIgniter->runController(Object(App\Controllers\Home))
 8 SYSTEMPATH\CodeIgniter.php(351): CodeIgniter\CodeIgniter->handleRequest(null, Object(Config\Cache), false)
 9 FCPATH\index.php(55): CodeIgniter\CodeIgniter->run()
10 SYSTEMPATH\Commands\Server\rewrite.php(43): require_once('FCPATH\\index.php')
CRITICAL - 2022-06-11 03:02:49 --> Undefined variable $alunos
in APPPATH\Views\alunos.php on line 23.
 1 APPPATH\Views\alunos.php(23): CodeIgniter\Debug\Exceptions->errorHandler(2, 'Undefined variable $alunos', 'APPPATH\\Views\\alunos.php', 23)
 2 SYSTEMPATH\View\View.php(213): include('APPPATH\\Views\\alunos.php')
 3 SYSTEMPATH\View\View.php(216): CodeIgniter\View\View->CodeIgniter\View\{closure}()
 4 SYSTEMPATH\Common.php(1135): CodeIgniter\View\View->render('alunos', [], true)
 5 APPPATH\Controllers\Home.php(9): view('alunos')
 6 SYSTEMPATH\CodeIgniter.php(898): App\Controllers\Home->index()
 7 SYSTEMPATH\CodeIgniter.php(468): CodeIgniter\CodeIgniter->runController(Object(App\Controllers\Home))
 8 SYSTEMPATH\CodeIgniter.php(351): CodeIgniter\CodeIgniter->handleRequest(null, Object(Config\Cache), false)
 9 FCPATH\index.php(55): CodeIgniter\CodeIgniter->run()
10 SYSTEMPATH\Commands\Server\rewrite.php(43): require_once('FCPATH\\index.php')
CRITICAL - 2022-06-11 03:02:52 --> Undefined variable $alunos
in APPPATH\Views\alunos.php on line 23.
 1 APPPATH\Views\alunos.php(23): CodeIgniter\Debug\Exceptions->errorHandler(2, 'Undefined variable $alunos', 'APPPATH\\Views\\alunos.php', 23)
 2 SYSTEMPATH\View\View.php(213): include('APPPATH\\Views\\alunos.php')
 3 SYSTEMPATH\View\View.php(216): CodeIgniter\View\View->CodeIgniter\View\{closure}()
 4 SYSTEMPATH\Common.php(1135): CodeIgniter\View\View->render('alunos', [], true)
 5 APPPATH\Controllers\Home.php(9): view('alunos')
 6 SYSTEMPATH\CodeIgniter.php(898): App\Controllers\Home->index()
 7 SYSTEMPATH\CodeIgniter.php(468): CodeIgniter\CodeIgniter->runController(Object(App\Controllers\Home))
 8 SYSTEMPATH\CodeIgniter.php(351): CodeIgniter\CodeIgniter->handleRequest(null, Object(Config\Cache), false)
 9 FCPATH\index.php(55): CodeIgniter\CodeIgniter->run()
10 SYSTEMPATH\Commands\Server\rewrite.php(43): require_once('FCPATH\\index.php')
CRITICAL - 2022-06-11 03:02:58 --> Undefined variable $alunos
in APPPATH\Views\alunos.php on line 23.
 1 APPPATH\Views\alunos.php(23): CodeIgniter\Debug\Exceptions->errorHandler(2, 'Undefined variable $alunos', 'APPPATH\\Views\\alunos.php', 23)
 2 SYSTEMPATH\View\View.php(213): include('APPPATH\\Views\\alunos.php')
 3 SYSTEMPATH\View\View.php(216): CodeIgniter\View\View->CodeIgniter\View\{closure}()
 4 SYSTEMPATH\Common.php(1135): CodeIgniter\View\View->render('alunos', [], true)
 5 APPPATH\Controllers\Home.php(9): view('alunos')
 6 SYSTEMPATH\CodeIgniter.php(898): App\Controllers\Home->index()
 7 SYSTEMPATH\CodeIgniter.php(468): CodeIgniter\CodeIgniter->runController(Object(App\Controllers\Home))
 8 SYSTEMPATH\CodeIgniter.php(351): CodeIgniter\CodeIgniter->handleRequest(null, Object(Config\Cache), false)
 9 FCPATH\index.php(55): CodeIgniter\CodeIgniter->run()
10 SYSTEMPATH\Commands\Server\rewrite.php(43): require_once('FCPATH\\index.php')
CRITICAL - 2022-06-11 03:04:22 --> Undefined variable $aluno
in APPPATH\Views\alunos.php on line 22.
 1 APPPATH\Views\alunos.php(22): CodeIgniter\Debug\Exceptions->errorHandler(2, 'Undefined variable $aluno', 'APPPATH\\Views\\alunos.php', 22)
 2 SYSTEMPATH\View\View.php(213): include('APPPATH\\Views\\alunos.php')
 3 SYSTEMPATH\View\View.php(216): CodeIgniter\View\View->CodeIgniter\View\{closure}()
 4 SYSTEMPATH\Common.php(1135): CodeIgniter\View\View->render('alunos', [], true)
 5 APPPATH\Controllers\Home.php(9): view('alunos')
 6 SYSTEMPATH\CodeIgniter.php(898): App\Controllers\Home->index()
 7 SYSTEMPATH\CodeIgniter.php(468): CodeIgniter\CodeIgniter->runController(Object(App\Controllers\Home))
 8 SYSTEMPATH\CodeIgniter.php(351): CodeIgniter\CodeIgniter->handleRequest(null, Object(Config\Cache), false)
 9 FCPATH\index.php(55): CodeIgniter\CodeIgniter->run()
10 SYSTEMPATH\Commands\Server\rewrite.php(43): require_once('FCPATH\\index.php')
CRITICAL - 2022-06-11 03:06:59 --> Undefined variable $aluno
in APPPATH\Views\alunos.php on line 22.
 1 APPPATH\Views\alunos.php(22): CodeIgniter\Debug\Exceptions->errorHandler(2, 'Undefined variable $aluno', 'APPPATH\\Views\\alunos.php', 22)
 2 SYSTEMPATH\View\View.php(213): include('APPPATH\\Views\\alunos.php')
 3 SYSTEMPATH\View\View.php(216): CodeIgniter\View\View->CodeIgniter\View\{closure}()
 4 SYSTEMPATH\Common.php(1135): CodeIgniter\View\View->render('alunos', [], true)
 5 APPPATH\Controllers\Home.php(9): view('alunos')
 6 SYSTEMPATH\CodeIgniter.php(898): App\Controllers\Home->index()
 7 SYSTEMPATH\CodeIgniter.php(468): CodeIgniter\CodeIgniter->runController(Object(App\Controllers\Home))
 8 SYSTEMPATH\CodeIgniter.php(351): CodeIgniter\CodeIgniter->handleRequest(null, Object(Config\Cache), false)
 9 FCPATH\index.php(55): CodeIgniter\CodeIgniter->run()
10 SYSTEMPATH\Commands\Server\rewrite.php(43): require_once('FCPATH\\index.php')
CRITICAL - 2022-06-11 03:21:40 --> Undefined variable $alunos
in APPPATH\Views\alunos.php on line 22.
 1 APPPATH\Views\alunos.php(22): CodeIgniter\Debug\Exceptions->errorHandler(2, 'Undefined variable $alunos', 'APPPATH\\Views\\alunos.php', 22)
 2 SYSTEMPATH\View\View.php(213): include('APPPATH\\Views\\alunos.php')
 3 SYSTEMPATH\View\View.php(216): CodeIgniter\View\View->CodeIgniter\View\{closure}()
 4 SYSTEMPATH\Common.php(1135): CodeIgniter\View\View->render('alunos', [], true)
 5 APPPATH\Controllers\Home.php(9): view('alunos')
 6 SYSTEMPATH\CodeIgniter.php(898): App\Controllers\Home->index()
 7 SYSTEMPATH\CodeIgniter.php(468): CodeIgniter\CodeIgniter->runController(Object(App\Controllers\Home))
 8 SYSTEMPATH\CodeIgniter.php(351): CodeIgniter\CodeIgniter->handleRequest(null, Object(Config\Cache), false)
 9 FCPATH\index.php(55): CodeIgniter\CodeIgniter->run()
10 SYSTEMPATH\Commands\Server\rewrite.php(43): require_once('FCPATH\\index.php')
CRITICAL - 2022-06-11 03:23:59 --> Undefined variable $alunos
in APPPATH\Views\alunos.php on line 22.
 1 APPPATH\Views\alunos.php(22): CodeIgniter\Debug\Exceptions->errorHandler(2, 'Undefined variable $alunos', 'APPPATH\\Views\\alunos.php', 22)
 2 SYSTEMPATH\View\View.php(213): include('APPPATH\\Views\\alunos.php')
 3 SYSTEMPATH\View\View.php(216): CodeIgniter\View\View->CodeIgniter\View\{closure}()
 4 SYSTEMPATH\Common.php(1135): CodeIgniter\View\View->render('alunos', [], true)
 5 APPPATH\Controllers\Home.php(9): view('alunos')
 6 SYSTEMPATH\CodeIgniter.php(898): App\Controllers\Home->index()
 7 SYSTEMPATH\CodeIgniter.php(468): CodeIgniter\CodeIgniter->runController(Object(App\Controllers\Home))
 8 SYSTEMPATH\CodeIgniter.php(351): CodeIgniter\CodeIgniter->handleRequest(null, Object(Config\Cache), false)
 9 FCPATH\index.php(55): CodeIgniter\CodeIgniter->run()
10 SYSTEMPATH\Commands\Server\rewrite.php(43): require_once('FCPATH\\index.php')
CRITICAL - 2022-06-11 03:24:56 --> Undefined variable $alunos
in APPPATH\Views\alunos.php on line 22.
 1 APPPATH\Views\alunos.php(22): CodeIgniter\Debug\Exceptions->errorHandler(2, 'Undefined variable $alunos', 'APPPATH\\Views\\alunos.php', 22)
 2 SYSTEMPATH\View\View.php(213): include('APPPATH\\Views\\alunos.php')
 3 SYSTEMPATH\View\View.php(216): CodeIgniter\View\View->CodeIgniter\View\{closure}()
 4 SYSTEMPATH\Common.php(1135): CodeIgniter\View\View->render('alunos', [], true)
 5 APPPATH\Controllers\Home.php(9): view('alunos')
 6 SYSTEMPATH\CodeIgniter.php(898): App\Controllers\Home->index()
 7 SYSTEMPATH\CodeIgniter.php(468): CodeIgniter\CodeIgniter->runController(Object(App\Controllers\Home))
 8 SYSTEMPATH\CodeIgniter.php(351): CodeIgniter\CodeIgniter->handleRequest(null, Object(Config\Cache), false)
 9 FCPATH\index.php(55): CodeIgniter\CodeIgniter->run()
10 SYSTEMPATH\Commands\Server\rewrite.php(43): require_once('FCPATH\\index.php')
CRITICAL - 2022-06-11 03:25:37 --> Undefined variable $alunos
in APPPATH\Views\alunos.php on line 22.
 1 APPPATH\Views\alunos.php(22): CodeIgniter\Debug\Exceptions->errorHandler(2, 'Undefined variable $alunos', 'APPPATH\\Views\\alunos.php', 22)
 2 SYSTEMPATH\View\View.php(213): include('APPPATH\\Views\\alunos.php')
 3 SYSTEMPATH\View\View.php(216): CodeIgniter\View\View->CodeIgniter\View\{closure}()
 4 SYSTEMPATH\Common.php(1135): CodeIgniter\View\View->render('alunos', [], true)
 5 APPPATH\Controllers\Home.php(9): view('alunos')
 6 SYSTEMPATH\CodeIgniter.php(898): App\Controllers\Home->index()
 7 SYSTEMPATH\CodeIgniter.php(468): CodeIgniter\CodeIgniter->runController(Object(App\Controllers\Home))
 8 SYSTEMPATH\CodeIgniter.php(351): CodeIgniter\CodeIgniter->handleRequest(null, Object(Config\Cache), false)
 9 FCPATH\index.php(55): CodeIgniter\CodeIgniter->run()
10 SYSTEMPATH\Commands\Server\rewrite.php(43): require_once('FCPATH\\index.php')
CRITICAL - 2022-06-11 14:34:09 --> Class "app\Controllers\BaseController" not found
in APPPATH\Controllers\Home.php on line 5.
 1 SYSTEMPATH\Autoloader\Autoloader.php(284): include_once()
 2 SYSTEMPATH\Autoloader\Autoloader.php(261): CodeIgniter\Autoloader\Autoloader->includeFile('APPPATH\\Controllers\\Home.php')
 3 SYSTEMPATH\Autoloader\Autoloader.php(239): CodeIgniter\Autoloader\Autoloader->loadInNamespace('App\\Controllers\\Home')
 4 [internal function]: CodeIgniter\Autoloader\Autoloader->loadClass('App\\Controllers\\Home')
 5 SYSTEMPATH\CodeIgniter.php(848): class_exists('\\App\\Controllers\\Home', true)
 6 SYSTEMPATH\CodeIgniter.php(455): CodeIgniter\CodeIgniter->startController()
 7 SYSTEMPATH\CodeIgniter.php(351): CodeIgniter\CodeIgniter->handleRequest(null, Object(Config\Cache), false)
 8 FCPATH\index.php(55): CodeIgniter\CodeIgniter->run()
CRITICAL - 2022-06-11 14:37:53 --> Class "app\Controllers\BaseController" not found
in APPPATH\Controllers\Alunos.php on line 9.
 1 SYSTEMPATH\Autoloader\Autoloader.php(284): include_once()
 2 SYSTEMPATH\Autoloader\Autoloader.php(261): CodeIgniter\Autoloader\Autoloader->includeFile('APPPATH\\Controllers\\Alunos.php')
 3 SYSTEMPATH\Autoloader\Autoloader.php(239): CodeIgniter\Autoloader\Autoloader->loadInNamespace('App\\Controllers\\Alunos')
 4 [internal function]: CodeIgniter\Autoloader\Autoloader->loadClass('App\\Controllers\\Alunos')
 5 SYSTEMPATH\CodeIgniter.php(848): class_exists('\\App\\Controllers\\Alunos', true)
 6 SYSTEMPATH\CodeIgniter.php(455): CodeIgniter\CodeIgniter->startController()
 7 SYSTEMPATH\CodeIgniter.php(351): CodeIgniter\CodeIgniter->handleRequest(null, Object(Config\Cache), false)
 8 FCPATH\index.php(55): CodeIgniter\CodeIgniter->run()
ERROR - 2022-06-11 14:41:26 --> Error connecting to the database: Access denied for user '****'@'localhost' to database 'alunosci4'
CRITICAL - 2022-06-11 14:41:26 --> Unable to connect to the database.
Main connection [MySQLi]: Access denied for user '****'@'localhost' to database 'alunosci4'
in SYSTEMPATH\Database\BaseConnection.php on line 415.
 1 SYSTEMPATH\Database\BaseConnection.php(585): CodeIgniter\Database\BaseConnection->initialize()
 2 SYSTEMPATH\Database\BaseBuilder.php(1585): CodeIgniter\Database\BaseConnection->query('SELECT *
FROM `alunos`', [], false)
 3 SYSTEMPATH\Model.php(222): CodeIgniter\Database\BaseBuilder->get()
 4 SYSTEMPATH\BaseModel.php(584): CodeIgniter\Model->doFindAll(0, 0)
 5 APPPATH\Controllers\Alunos.php(20): CodeIgniter\BaseModel->findAll()
 6 SYSTEMPATH\CodeIgniter.php(898): App\Controllers\Alunos->index()
 7 SYSTEMPATH\CodeIgniter.php(468): CodeIgniter\CodeIgniter->runController(Object(App\Controllers\Alunos))
 8 SYSTEMPATH\CodeIgniter.php(351): CodeIgniter\CodeIgniter->handleRequest(null, Object(Config\Cache), false)
 9 FCPATH\index.php(55): CodeIgniter\CodeIgniter->run()
CRITICAL - 2022-06-11 15:25:45 --> Invalid file: alunosver.php
in SYSTEMPATH\Exceptions\FrameworkException.php on line 33.
 1 SYSTEMPATH\View\View.php(201): CodeIgniter\Exceptions\FrameworkException::forInvalidFile('alunosver.php')
 2 SYSTEMPATH\Common.php(1135): CodeIgniter\View\View->render('alunosver', [], true)
 3 APPPATH\Controllers\Alunos.php(27): view('alunosver', [...])
 4 SYSTEMPATH\CodeIgniter.php(898): App\Controllers\Alunos->show('1')
 5 SYSTEMPATH\CodeIgniter.php(468): CodeIgniter\CodeIgniter->runController(Object(App\Controllers\Alunos))
 6 SYSTEMPATH\CodeIgniter.php(351): CodeIgniter\CodeIgniter->handleRequest(null, Object(Config\Cache), false)
 7 FCPATH\index.php(55): CodeIgniter\CodeIgniter->run()
CRITICAL - 2022-06-11 18:44:22 --> Class "app\Controllers\BaseController" not found
in APPPATH\Controllers\Home.php on line 5.
 1 SYSTEMPATH\Autoloader\Autoloader.php(284): include_once()
 2 SYSTEMPATH\Autoloader\Autoloader.php(261): CodeIgniter\Autoloader\Autoloader->includeFile('APPPATH\\Controllers\\Home.php')
 3 SYSTEMPATH\Autoloader\Autoloader.php(239): CodeIgniter\Autoloader\Autoloader->loadInNamespace('App\\Controllers\\Home')
 4 [internal function]: CodeIgniter\Autoloader\Autoloader->loadClass('App\\Controllers\\Home')
 5 SYSTEMPATH\CodeIgniter.php(848): class_exists('\\App\\Controllers\\Home', true)
 6 SYSTEMPATH\CodeIgniter.php(455): CodeIgniter\CodeIgniter->startController()
 7 SYSTEMPATH\CodeIgniter.php(351): CodeIgniter\CodeIgniter->handleRequest(null, Object(Config\Cache), false)
 8 FCPATH\index.php(55): CodeIgniter\CodeIgniter->run()
