CRITICAL - 2022-09-02 04:52:50 --> Trying to access array offset on value of type null
in APPPATH/Views/alunover.php on line 7.
 1 APPPATH/Views/alunover.php(7): CodeIgniter\Debug\Exceptions->errorHandler()
 2 SYSTEMPATH/View/View.php(213): include('APPPATH/Views/alunover.php')
 3 SYSTEMPATH/View/View.php(216): CodeIgniter\View\View->CodeIgniter\View\{closure}()
 4 SYSTEMPATH/Common.php(1137): CodeIgniter\View\View->render()
 5 APPPATH/Controllers/Alunos.php(24): view()
 6 SYSTEMPATH/CodeIgniter.php(904): App\Controllers\Alunos->show()
 7 SYSTEMPATH/CodeIgniter.php(457): CodeIgniter\CodeIgniter->runController()
 8 SYSTEMPATH/CodeIgniter.php(340): CodeIgniter\CodeIgniter->handleRequest()
 9 FCPATH/index.php(55): CodeIgniter\CodeIgniter->run()
CRITICAL - 2022-09-02 07:27:59 --> Trying to access array offset on value of type null
in APPPATH/Views/alunover.php on line 7.
 1 APPPATH/Views/alunover.php(7): CodeIgniter\Debug\Exceptions->errorHandler()
 2 SYSTEMPATH/View/View.php(213): include('APPPATH/Views/alunover.php')
 3 SYSTEMPATH/View/View.php(216): CodeIgniter\View\View->CodeIgniter\View\{closure}()
 4 SYSTEMPATH/Common.php(1137): CodeIgniter\View\View->render()
 5 APPPATH/Controllers/Alunos.php(24): view()
 6 SYSTEMPATH/CodeIgniter.php(904): App\Controllers\Alunos->show()
 7 SYSTEMPATH/CodeIgniter.php(457): CodeIgniter\CodeIgniter->runController()
 8 SYSTEMPATH/CodeIgniter.php(340): CodeIgniter\CodeIgniter->handleRequest()
 9 FCPATH/index.php(55): CodeIgniter\CodeIgniter->run()
CRITICAL - 2022-09-02 09:15:08 --> Trying to access array offset on value of type null
in APPPATH/Controllers/Alunos.php on line 30.
 1 APPPATH/Controllers/Alunos.php(30): CodeIgniter\Debug\Exceptions->errorHandler()
 2 SYSTEMPATH/CodeIgniter.php(904): App\Controllers\Alunos->delete()
 3 SYSTEMPATH/CodeIgniter.php(457): CodeIgniter\CodeIgniter->runController()
 4 SYSTEMPATH/CodeIgniter.php(340): CodeIgniter\CodeIgniter->handleRequest()
 5 FCPATH/index.php(55): CodeIgniter\CodeIgniter->run()
CRITICAL - 2022-09-02 10:08:42 --> Trying to access array offset on value of type null
in APPPATH/Views/alunoeditar.php on line 6.
 1 APPPATH/Views/alunoeditar.php(6): CodeIgniter\Debug\Exceptions->errorHandler()
 2 SYSTEMPATH/View/View.php(213): include('APPPATH/Views/alunoeditar.php')
 3 SYSTEMPATH/View/View.php(216): CodeIgniter\View\View->CodeIgniter\View\{closure}()
 4 SYSTEMPATH/Common.php(1137): CodeIgniter\View\View->render()
 5 APPPATH/Controllers/Alunos.php(88): view()
 6 SYSTEMPATH/CodeIgniter.php(904): App\Controllers\Alunos->edit()
 7 SYSTEMPATH/CodeIgniter.php(457): CodeIgniter\CodeIgniter->runController()
 8 SYSTEMPATH/CodeIgniter.php(340): CodeIgniter\CodeIgniter->handleRequest()
 9 FCPATH/index.php(55): CodeIgniter\CodeIgniter->run()
CRITICAL - 2022-09-02 17:13:46 --> Trying to access array offset on value of type null
in APPPATH/Views/alunover.php on line 7.
 1 APPPATH/Views/alunover.php(7): CodeIgniter\Debug\Exceptions->errorHandler()
 2 SYSTEMPATH/View/View.php(213): include('APPPATH/Views/alunover.php')
 3 SYSTEMPATH/View/View.php(216): CodeIgniter\View\View->CodeIgniter\View\{closure}()
 4 SYSTEMPATH/Common.php(1137): CodeIgniter\View\View->render()
 5 APPPATH/Controllers/Alunos.php(24): view()
 6 SYSTEMPATH/CodeIgniter.php(904): App\Controllers\Alunos->show()
 7 SYSTEMPATH/CodeIgniter.php(457): CodeIgniter\CodeIgniter->runController()
 8 SYSTEMPATH/CodeIgniter.php(340): CodeIgniter\CodeIgniter->handleRequest()
 9 FCPATH/index.php(55): CodeIgniter\CodeIgniter->run()
CRITICAL - 2022-09-02 17:40:33 --> Trying to access array offset on value of type null
in APPPATH/Views/alunoeditar.php on line 6.
 1 APPPATH/Views/alunoeditar.php(6): CodeIgniter\Debug\Exceptions->errorHandler()
 2 SYSTEMPATH/View/View.php(213): include('APPPATH/Views/alunoeditar.php')
 3 SYSTEMPATH/View/View.php(216): CodeIgniter\View\View->CodeIgniter\View\{closure}()
 4 SYSTEMPATH/Common.php(1137): CodeIgniter\View\View->render()
 5 APPPATH/Controllers/Alunos.php(88): view()
 6 SYSTEMPATH/CodeIgniter.php(904): App\Controllers\Alunos->edit()
 7 SYSTEMPATH/CodeIgniter.php(457): CodeIgniter\CodeIgniter->runController()
 8 SYSTEMPATH/CodeIgniter.php(340): CodeIgniter\CodeIgniter->handleRequest()
 9 FCPATH/index.php(55): CodeIgniter\CodeIgniter->run()
CRITICAL - 2022-09-02 18:07:20 --> Trying to access array offset on value of type null
in APPPATH/Views/alunover.php on line 7.
 1 APPPATH/Views/alunover.php(7): CodeIgniter\Debug\Exceptions->errorHandler()
 2 SYSTEMPATH/View/View.php(213): include('APPPATH/Views/alunover.php')
 3 SYSTEMPATH/View/View.php(216): CodeIgniter\View\View->CodeIgniter\View\{closure}()
 4 SYSTEMPATH/Common.php(1137): CodeIgniter\View\View->render()
 5 APPPATH/Controllers/Alunos.php(24): view()
 6 SYSTEMPATH/CodeIgniter.php(904): App\Controllers\Alunos->show()
 7 SYSTEMPATH/CodeIgniter.php(457): CodeIgniter\CodeIgniter->runController()
 8 SYSTEMPATH/CodeIgniter.php(340): CodeIgniter\CodeIgniter->handleRequest()
 9 FCPATH/index.php(55): CodeIgniter\CodeIgniter->run()
CRITICAL - 2022-09-02 21:11:15 --> Trying to access array offset on value of type null
in APPPATH/Views/alunoeditar.php on line 6.
 1 APPPATH/Views/alunoeditar.php(6): CodeIgniter\Debug\Exceptions->errorHandler()
 2 SYSTEMPATH/View/View.php(213): include('APPPATH/Views/alunoeditar.php')
 3 SYSTEMPATH/View/View.php(216): CodeIgniter\View\View->CodeIgniter\View\{closure}()
 4 SYSTEMPATH/Common.php(1137): CodeIgniter\View\View->render()
 5 APPPATH/Controllers/Alunos.php(88): view()
 6 SYSTEMPATH/CodeIgniter.php(904): App\Controllers\Alunos->edit()
 7 SYSTEMPATH/CodeIgniter.php(457): CodeIgniter\CodeIgniter->runController()
 8 SYSTEMPATH/CodeIgniter.php(340): CodeIgniter\CodeIgniter->handleRequest()
 9 FCPATH/index.php(55): CodeIgniter\CodeIgniter->run()
