CRITICAL - 2022-08-13 18:01:14 --> Undefined constant "Config\Improved"
in APPPATH/Config/Routes.php on line 29.
 1 SYSTEMPATH/CodeIgniter.php(760): require()
 2 SYSTEMPATH/CodeIgniter.php(417): CodeIgniter\CodeIgniter->tryToRouteIt()
 3 SYSTEMPATH/CodeIgniter.php(351): CodeIgniter\CodeIgniter->handleRequest()
 4 FCPATH/index.php(55): CodeIgniter\CodeIgniter->run()
CRITICAL - 2022-08-13 18:22:31 --> The namespace delimiter is a backslash (\), not a slash (/). Route handler: \App/Controllers\Home::index
in SYSTEMPATH/Router/Router.php on line 466.
 1 SYSTEMPATH/Router/Router.php(466): CodeIgniter\Router\Exceptions\RouterException::forInvalidControllerName()
 2 SYSTEMPATH/Router/Router.php(181): CodeIgniter\Router\Router->checkRoutes()
 3 SYSTEMPATH/CodeIgniter.php(773): CodeIgniter\Router\Router->handle()
 4 SYSTEMPATH/CodeIgniter.php(417): CodeIgniter\CodeIgniter->tryToRouteIt()
 5 SYSTEMPATH/CodeIgniter.php(351): CodeIgniter\CodeIgniter->handleRequest()
 6 FCPATH/index.php(55): CodeIgniter\CodeIgniter->run()
CRITICAL - 2022-08-13 18:23:11 --> The namespace delimiter is a backslash (\), not a slash (/). Route handler: \App//Controllers\Home::index
in SYSTEMPATH/Router/Router.php on line 466.
 1 SYSTEMPATH/Router/Router.php(466): CodeIgniter\Router\Exceptions\RouterException::forInvalidControllerName()
 2 SYSTEMPATH/Router/Router.php(181): CodeIgniter\Router\Router->checkRoutes()
 3 SYSTEMPATH/CodeIgniter.php(773): CodeIgniter\Router\Router->handle()
 4 SYSTEMPATH/CodeIgniter.php(417): CodeIgniter\CodeIgniter->tryToRouteIt()
 5 SYSTEMPATH/CodeIgniter.php(351): CodeIgniter\CodeIgniter->handleRequest()
 6 FCPATH/index.php(55): CodeIgniter\CodeIgniter->run()
ERROR - 2022-08-13 23:59:36 --> mysqli_sql_exception: Table 'alunosci4.alunos' doesn't exist in /var/www/html/alunosci4/vendor/codeigniter4/framework/system/Database/MySQLi/Connection.php:292
Stack trace:
#0 /var/www/html/alunosci4/vendor/codeigniter4/framework/system/Database/MySQLi/Connection.php(292): mysqli->query()
#1 /var/www/html/alunosci4/vendor/codeigniter4/framework/system/Database/BaseConnection.php(693): CodeIgniter\Database\MySQLi\Connection->execute()
#2 /var/www/html/alunosci4/vendor/codeigniter4/framework/system/Database/BaseConnection.php(620): CodeIgniter\Database\BaseConnection->simpleQuery()
#3 /var/www/html/alunosci4/vendor/codeigniter4/framework/system/Database/BaseBuilder.php(1585): CodeIgniter\Database\BaseConnection->query()
#4 /var/www/html/alunosci4/vendor/codeigniter4/framework/system/Model.php(222): CodeIgniter\Database\BaseBuilder->get()
#5 /var/www/html/alunosci4/vendor/codeigniter4/framework/system/BaseModel.php(584): CodeIgniter\Model->doFindAll()
#6 /var/www/html/alunosci4/app/Controllers/Alunos.php(18): CodeIgniter\BaseModel->findAll()
#7 /var/www/html/alunosci4/vendor/codeigniter4/framework/system/CodeIgniter.php(904): App\Controllers\Alunos->index()
#8 /var/www/html/alunosci4/vendor/codeigniter4/framework/system/CodeIgniter.php(457): CodeIgniter\CodeIgniter->runController()
#9 /var/www/html/alunosci4/vendor/codeigniter4/framework/system/CodeIgniter.php(340): CodeIgniter\CodeIgniter->handleRequest()
#10 /var/www/html/alunosci4/public/index.php(55): CodeIgniter\CodeIgniter->run()
#11 {main}
CRITICAL - 2022-08-13 23:59:36 --> Call to a member function getResult() on bool
in SYSTEMPATH/Model.php on line 223.
 1 SYSTEMPATH/BaseModel.php(584): CodeIgniter\Model->doFindAll()
 2 APPPATH/Controllers/Alunos.php(18): CodeIgniter\BaseModel->findAll()
 3 SYSTEMPATH/CodeIgniter.php(904): App\Controllers\Alunos->index()
 4 SYSTEMPATH/CodeIgniter.php(457): CodeIgniter\CodeIgniter->runController()
 5 SYSTEMPATH/CodeIgniter.php(340): CodeIgniter\CodeIgniter->handleRequest()
 6 FCPATH/index.php(55): CodeIgniter\CodeIgniter->run()
ERROR - 2022-08-13 23:59:54 --> mysqli_sql_exception: Table 'alunosci4.alunos' doesn't exist in /var/www/html/alunosci4/vendor/codeigniter4/framework/system/Database/MySQLi/Connection.php:292
Stack trace:
#0 /var/www/html/alunosci4/vendor/codeigniter4/framework/system/Database/MySQLi/Connection.php(292): mysqli->query()
#1 /var/www/html/alunosci4/vendor/codeigniter4/framework/system/Database/BaseConnection.php(693): CodeIgniter\Database\MySQLi\Connection->execute()
#2 /var/www/html/alunosci4/vendor/codeigniter4/framework/system/Database/BaseConnection.php(620): CodeIgniter\Database\BaseConnection->simpleQuery()
#3 /var/www/html/alunosci4/vendor/codeigniter4/framework/system/Database/BaseBuilder.php(1585): CodeIgniter\Database\BaseConnection->query()
#4 /var/www/html/alunosci4/vendor/codeigniter4/framework/system/Model.php(222): CodeIgniter\Database\BaseBuilder->get()
#5 /var/www/html/alunosci4/vendor/codeigniter4/framework/system/BaseModel.php(584): CodeIgniter\Model->doFindAll()
#6 /var/www/html/alunosci4/app/Controllers/Alunos.php(18): CodeIgniter\BaseModel->findAll()
#7 /var/www/html/alunosci4/vendor/codeigniter4/framework/system/CodeIgniter.php(904): App\Controllers\Alunos->index()
#8 /var/www/html/alunosci4/vendor/codeigniter4/framework/system/CodeIgniter.php(457): CodeIgniter\CodeIgniter->runController()
#9 /var/www/html/alunosci4/vendor/codeigniter4/framework/system/CodeIgniter.php(340): CodeIgniter\CodeIgniter->handleRequest()
#10 /var/www/html/alunosci4/public/index.php(55): CodeIgniter\CodeIgniter->run()
#11 {main}
CRITICAL - 2022-08-13 23:59:54 --> Call to a member function getResult() on bool
in SYSTEMPATH/Model.php on line 223.
 1 SYSTEMPATH/BaseModel.php(584): CodeIgniter\Model->doFindAll()
 2 APPPATH/Controllers/Alunos.php(18): CodeIgniter\BaseModel->findAll()
 3 SYSTEMPATH/CodeIgniter.php(904): App\Controllers\Alunos->index()
 4 SYSTEMPATH/CodeIgniter.php(457): CodeIgniter\CodeIgniter->runController()
 5 SYSTEMPATH/CodeIgniter.php(340): CodeIgniter\CodeIgniter->handleRequest()
 6 FCPATH/index.php(55): CodeIgniter\CodeIgniter->run()
